<?xml version="1.0" encoding="UTF-8"?>
<testsuite xmlns:xsi="http://www.w3.org/2001/XMLSchema-instance" xsi:noNamespaceSchemaLocation="https://maven.apache.org/surefire/maven-surefire-plugin/xsd/surefire-test-report.xsd" name="TestSuite" time="575.776" tests="9" errors="0" skipped="0" failures="3">
  <properties>
[...]
</properties>
  <testcase name="verifyUserShouldNavigateToComputersPage" classname="com.demo.nopcommerce.testsuite.ComputerTest" time="1.304"/>
  <testcase name="verifyUserShouldNavigateToLoginFeature" classname="com.demo.nopcommerce.testsuite.LoginTest" time="2.924"/>
  <testcase name="verifyUserShouldNavigateToRegisterPage" classname="com.demo.nopcommerce.testsuite.RegistrationTest" time="7.034"/>
  <testcase name="verifyUserShouldAddProductToCartSuccessfully" classname="com.demo.nopcommerce.testsuite.ComputerTest" time="42.025"/>
  <testcase name="verifyUserShouldLoginWithValidCredentialsSuccessfully" classname="com.demo.nopcommerce.testsuite.LoginTest" time="36.31"/>
  <testcase name="verifyUserShouldRegisterSuccessfullyWithValidCredentials" classname="com.demo.nopcommerce.testsuite.RegistrationTest" time="41.319"/>
  <testcase name="verifyUserShouldNotAddProductToCartSuccessfully" classname="com.demo.nopcommerce.testsuite.ComputerTest" time="44.214">
    <failure message="The following asserts failed:&#10;	expected [The product has been added to your shopping cart] but found [The product has been added to your shopping]" type="java.lang.AssertionError">java.lang.AssertionError: 
The following asserts failed:
	expected [The product has been added to your shopping cart] but found [The product has been added to your shopping]
	at com.demo.nopcommerce.testsuite.ComputerTest.verifyUserShouldNotAddProductToCartSuccessfully(ComputerTest.java:67)
</failure>
    <system-out><![CDATA[2020-04-22 20:04:502 INFO  BrowserSelector :24 - Launching chrome browser
2020-04-22 20:04:889 INFO  HomePage :39 - Clicking on computer button [[ChromeDriver: chrome on WINDOWS (7f96a4cda5ecbeddcfc6f3634bc828ce)] -> xpath: //ul[@class='top-menu notmobile']//a[contains(text(),'Computers')]]
2020-04-22 20:04:676 INFO  DesktopPage :28 - Clicking on Desktop button [[ChromeDriver: chrome on WINDOWS (7f96a4cda5ecbeddcfc6f3634bc828ce)] -> xpath: //ul[@class='top-menu notmobile']//a[contains(text(),'Desktops')]]
2020-04-22 20:04:287 INFO  DesktopPage :34 - Clicking on position [[ChromeDriver: chrome on WINDOWS (7f96a4cda5ecbeddcfc6f3634bc828ce)] -> id: products-orderby]
2020-04-22 20:04:921 INFO  DesktopPage :40 - Clicking on A to Z [[ChromeDriver: chrome on WINDOWS (7f96a4cda5ecbeddcfc6f3634bc828ce)] -> xpath: //option[contains(text(),'Name: A to Z')]]
2020-04-22 20:04:487 INFO  RegisterPage :38 - Clicking on build computer Proxy element for: DefaultElementLocator 'By.linkText: Build your own computer'
2020-04-22 20:04:16 INFO  RegisterPage :44 - Clicking on radio button feature [[ChromeDriver: chrome on WINDOWS (7f96a4cda5ecbeddcfc6f3634bc828ce)] -> xpath: //input[@id='product_attribute_3_7']]
2020-04-22 20:04:213 INFO  RegisterPage :50 - Clicking on add cart button [[ChromeDriver: chrome on WINDOWS (7f96a4cda5ecbeddcfc6f3634bc828ce)] -> id: add-to-cart-button-1]
2020-04-22 20:04:441 INFO  RegisterPage :55 - Getting add to cart message [[ChromeDriver: chrome on WINDOWS (7f96a4cda5ecbeddcfc6f3634bc828ce)] -> class name: content]
]]></system-out>
    <system-err><![CDATA[Starting ChromeDriver 80.0.3987.106 (f68069574609230cf9b635cd784cfb1bf81bb53a-refs/branch-heads/3987@{#882}) on port 28247
Only local connections are allowed.
Please protect ports used by ChromeDriver and related test frameworks to prevent access by malicious code.
[1587582490.466][WARNING]: This version of ChromeDriver has not been tested with Chrome version 81.
[1587582492.474][WARNING]: Timed out connecting to Chrome, retrying...
Apr 22, 2020 8:08:14 PM org.openqa.selenium.remote.ProtocolHandshake createSession
INFO: Detected dialect: W3C
[1587582496.516][WARNING]: Timed out connecting to Chrome, retrying...
[1587582499.953][SEVERE]: Timed out receiving message from renderer: 0.100
[1587582502.572][SEVERE]: Timed out receiving message from renderer: 0.100
[1587582502.689][SEVERE]: Timed out receiving message from renderer: 0.100
[1587582502.793][SEVERE]: Timed out receiving message from renderer: 0.100
[1587582502.905][SEVERE]: Timed out receiving message from renderer: 0.100
[1587582503.305][SEVERE]: Timed out receiving message from renderer: 0.100
[1587582503.416][SEVERE]: Timed out receiving message from renderer: 0.100
[1587582503.518][SEVERE]: Timed out receiving message from renderer: 0.100
[1587582505.269][SEVERE]: Timed out receiving message from renderer: 0.100
[1587582507.704][SEVERE]: Timed out receiving message from renderer: 0.100
[1587582512.627][SEVERE]: Timed out receiving message from renderer: 0.100
[1587582512.733][SEVERE]: Timed out receiving message from renderer: 0.100
[1587582512.862][SEVERE]: Timed out receiving message from renderer: 0.100
[1587582513.249][SEVERE]: Timed out receiving message from renderer: 0.100
[1587582513.805][SEVERE]: Timed out receiving message from renderer: 0.100
[1587582513.906][SEVERE]: Timed out receiving message from renderer: 0.100
[1587582514.007][SEVERE]: Timed out receiving message from renderer: 0.100
[1587582514.108][SEVERE]: Timed out receiving message from renderer: 0.100
[1587582514.210][SEVERE]: Timed out receiving message from renderer: 0.100
[1587582514.312][SEVERE]: Timed out receiving message from renderer: 0.100
[1587582514.414][SEVERE]: Timed out receiving message from renderer: 0.100
[1587582514.517][SEVERE]: Timed out receiving message from renderer: 0.100
]]></system-err>
  </testcase>
  <testcase name="verifyUserShouldNotLoginWithInvalidCredentialsSuccessfully" classname="com.demo.nopcommerce.testsuite.LoginTest" time="35.533">
    <failure message="The following asserts failed:&#10;	expected [Welcome to our store] but found [Welcome]" type="java.lang.AssertionError">java.lang.AssertionError: 
The following asserts failed:
	expected [Welcome to our store] but found [Welcome]
	at com.demo.nopcommerce.testsuite.LoginTest.verifyUserShouldNotLoginWithInvalidCredentialsSuccessfully(LoginTest.java:62)
</failure>
    <system-out><![CDATA[2020-04-22 20:04:445 INFO  BrowserSelector :24 - Launching chrome browser
2020-04-22 20:04:826 INFO  LoginPage :33 - Enter email dhanno@gmail.comOn Email Field [[ChromeDriver: chrome on WINDOWS (ac62005a2b158d370418a74f4c0170c1)] -> id: Email]
2020-04-22 20:04:240 INFO  LoginPage :39 - Enter password 123456On Password Field [[ChromeDriver: chrome on WINDOWS (ac62005a2b158d370418a74f4c0170c1)] -> id: Password]
2020-04-22 20:04:176 INFO  LoginPage :45 - Clicking on login button Proxy element for: DefaultElementLocator 'By.xpath: //input[@class='button-1 login-button']'
2020-04-22 20:04:208 INFO  LoginPage :57 - Getting welcome to store message [[ChromeDriver: chrome on WINDOWS (ac62005a2b158d370418a74f4c0170c1)] -> xpath: //h2[contains(text(),'Welcome to our store')]]
]]></system-out>
    <system-err><![CDATA[Starting ChromeDriver 80.0.3987.106 (f68069574609230cf9b635cd784cfb1bf81bb53a-refs/branch-heads/3987@{#882}) on port 27485
Only local connections are allowed.
Please protect ports used by ChromeDriver and related test frameworks to prevent access by malicious code.
[1587582575.609][WARNING]: This version of ChromeDriver has not been tested with Chrome version 81.
[1587582578.417][WARNING]: Timed out connecting to Chrome, retrying...
Apr 22, 2020 8:09:40 PM org.openqa.selenium.remote.ProtocolHandshake createSession
INFO: Detected dialect: W3C
[1587582582.456][WARNING]: Timed out connecting to Chrome, retrying...
[1587582585.815][SEVERE]: Timed out receiving message from renderer: 0.100
[1587582586.644][SEVERE]: Timed out receiving message from renderer: 0.100
[1587582586.799][SEVERE]: Timed out receiving message from renderer: 0.100
[1587582587.010][SEVERE]: Timed out receiving message from renderer: 0.100
[1587582587.294][SEVERE]: Timed out receiving message from renderer: 0.100
[1587582587.583][SEVERE]: Timed out receiving message from renderer: 0.100
[1587582587.684][SEVERE]: Timed out receiving message from renderer: 0.100
[1587582589.060][SEVERE]: Timed out receiving message from renderer: 0.100
[1587582589.204][SEVERE]: Timed out receiving message from renderer: 0.100
[1587582592.879][SEVERE]: Timed out receiving message from renderer: 0.100
[1587582593.127][SEVERE]: Timed out receiving message from renderer: 0.100
]]></system-err>
  </testcase>
  <testcase name="verifyUserShouldNotRegisterSuccessfullyWithInvalidValidCredentials" classname="com.demo.nopcommerce.testsuite.RegistrationTest" time="113.881">
    <failure message="no such element: Unable to locate element: {&quot;method&quot;:&quot;css selector&quot;,&quot;selector&quot;:&quot;.result&quot;}&#10;  (Session info: chrome=81.0.4044.122)&#10;For documentation on this error, please visit: https://www.seleniumhq.org/exceptions/no_such_element.html&#10;Build info: version: &apos;3.141.59&apos;, revision: &apos;e82be7d358&apos;, time: &apos;2018-11-14T08:17:03&apos;&#10;System info: host: &apos;DESKTOP-H84TQ4F&apos;, ip: &apos;192.168.0.17&apos;, os.name: &apos;Windows 10&apos;, os.arch: &apos;amd64&apos;, os.version: &apos;10.0&apos;, java.version: &apos;1.8.0_121&apos;&#10;Driver info: org.openqa.selenium.chrome.ChromeDriver&#10;Capabilities {acceptInsecureCerts: false, browserName: chrome, browserVersion: 81.0.4044.122, chrome: {chromedriverVersion: 80.0.3987.106 (f68069574609..., userDataDir: C:\Users\Pradip\AppData\Loc...}, goog:chromeOptions: {debuggerAddress: localhost:54091}, javascriptEnabled: true, networkConnectionEnabled: false, pageLoadStrategy: normal, platform: WINDOWS, platformName: WINDOWS, proxy: Proxy(), setWindowRect: true, strictFileInteractability: false, timeouts: {implicit: 0, pageLoad: 300000, script: 30000}, unhandledPromptBehavior: dismiss and notify}&#10;Session ID: 984890907287b9ca810be936303ec202&#10;*** Element info: {Using=class name, value=result}" type="org.openqa.selenium.NoSuchElementException">org.openqa.selenium.NoSuchElementException: 
no such element: Unable to locate element: {"method":"css selector","selector":".result"}
  (Session info: chrome=81.0.4044.122)
For documentation on this error, please visit: https://www.seleniumhq.org/exceptions/no_such_element.html
Build info: version: '3.141.59', revision: 'e82be7d358', time: '2018-11-14T08:17:03'
System info: host: 'DESKTOP-H84TQ4F', ip: '192.168.0.17', os.name: 'Windows 10', os.arch: 'amd64', os.version: '10.0', java.version: '1.8.0_121'
Driver info: org.openqa.selenium.chrome.ChromeDriver
Capabilities {acceptInsecureCerts: false, browserName: chrome, browserVersion: 81.0.4044.122, chrome: {chromedriverVersion: 80.0.3987.106 (f68069574609..., userDataDir: C:\Users\Pradip\AppData\Loc...}, goog:chromeOptions: {debuggerAddress: localhost:54091}, javascriptEnabled: true, networkConnectionEnabled: false, pageLoadStrategy: normal, platform: WINDOWS, platformName: WINDOWS, proxy: Proxy(), setWindowRect: true, strictFileInteractability: false, timeouts: {implicit: 0, pageLoad: 300000, script: 30000}, unhandledPromptBehavior: dismiss and notify}
Session ID: 984890907287b9ca810be936303ec202
*** Element info: {Using=class name, value=result}
	at com.demo.nopcommerce.testsuite.RegistrationTest.verifyUserShouldNotRegisterSuccessfullyWithInvalidValidCredentials(RegistrationTest.java:85)
</failure>
    <system-out><![CDATA[2020-04-22 20:04:274 INFO  BrowserSelector :24 - Launching chrome browser
2020-04-22 20:04:940 INFO  HomePage :27 - Clicking on register button [[ChromeDriver: chrome on WINDOWS (984890907287b9ca810be936303ec202)] -> link text: Register]
2020-04-22 20:04:350 INFO  RegisterPage :58 - Clicking on Radio Button [[ChromeDriver: chrome on WINDOWS (984890907287b9ca810be936303ec202)] -> id: gender-male]
2020-04-22 20:04:372 INFO  RegisterPage :64 - Enter First Name dhannoRunFirst Name Field [[ChromeDriver: chrome on WINDOWS (984890907287b9ca810be936303ec202)] -> id: FirstName]
2020-04-22 20:04:500 INFO  RegisterPage :70 - Enter Last Name runLast Name Field [[ChromeDriver: chrome on WINDOWS (984890907287b9ca810be936303ec202)] -> id: LastName]
2020-04-22 20:04:992 INFO  RegisterPage :76 - Selecting Date of Birth Day 4Date Field [[ChromeDriver: chrome on WINDOWS (984890907287b9ca810be936303ec202)] -> name: DateOfBirthDay]
2020-04-22 20:04:110 INFO  RegisterPage :82 - Selecting Date of Birth Month mayBirth Month Field [[ChromeDriver: chrome on WINDOWS (984890907287b9ca810be936303ec202)] -> name: DateOfBirthMonth]
2020-04-22 20:04:335 INFO  RegisterPage :88 - Selecting Date of Birth Year 1985Birth Year Field [[ChromeDriver: chrome on WINDOWS (984890907287b9ca810be936303ec202)] -> name: DateOfBirthYear]
2020-04-22 20:04:732 INFO  RegisterPage :94 - Enter Email dhannoG1@gmail.comEmail Field [[ChromeDriver: chrome on WINDOWS (984890907287b9ca810be936303ec202)] -> id: Email]
2020-04-22 20:04:298 INFO  RegisterPage :100 - Enter Company Name dhanno limitedCompany Name Field [[ChromeDriver: chrome on WINDOWS (984890907287b9ca810be936303ec202)] -> id: Company]
2020-04-22 20:04:921 INFO  RegisterPage :106 - Clicking on check box button for NewsLetter
2020-04-22 20:04:672 INFO  RegisterPage :112 - Enter Password dhannorun123@On Password Field [[ChromeDriver: chrome on WINDOWS (984890907287b9ca810be936303ec202)] -> id: Password]
2020-04-22 20:04:720 INFO  RegisterPage :118 - Enter Confirm Password dhannorun123@Confirm Password Field [[ChromeDriver: chrome on WINDOWS (984890907287b9ca810be936303ec202)] -> id: ConfirmPassword]
2020-04-22 20:04:56 INFO  RegisterPage :124 - Clicking On Registration Button [[ChromeDriver: chrome on WINDOWS (984890907287b9ca810be936303ec202)] -> id: register-button]
2020-04-22 20:04:112 INFO  RegisterPage :129 - Getting Registration Complete Message Proxy element for: DefaultElementLocator 'By.className: result'
]]></system-out>
    <system-err><![CDATA[Starting ChromeDriver 80.0.3987.106 (f68069574609230cf9b635cd784cfb1bf81bb53a-refs/branch-heads/3987@{#882}) on port 4484
Only local connections are allowed.
Please protect ports used by ChromeDriver and related test frameworks to prevent access by malicious code.
[1587582632.235][WARNING]: This version of ChromeDriver has not been tested with Chrome version 81.
[1587582634.240][WARNING]: Timed out connecting to Chrome, retrying...
Apr 22, 2020 8:10:36 PM org.openqa.selenium.remote.ProtocolHandshake createSession
INFO: Detected dialect: W3C
[1587582638.285][WARNING]: Timed out connecting to Chrome, retrying...
[1587582643.757][SEVERE]: Timed out receiving message from renderer: 0.100
[1587582643.882][SEVERE]: Timed out receiving message from renderer: 0.100
[1587582643.984][SEVERE]: Timed out receiving message from renderer: 0.100
[1587582644.085][SEVERE]: Timed out receiving message from renderer: 0.100
[1587582644.186][SEVERE]: Timed out receiving message from renderer: 0.100
[1587582644.287][SEVERE]: Timed out receiving message from renderer: 0.100
[1587582644.389][SEVERE]: Timed out receiving message from renderer: 0.100
[1587582644.490][SEVERE]: Timed out receiving message from renderer: 0.100
[1587582647.993][SEVERE]: Timed out receiving message from renderer: 0.100
[1587582648.356][SEVERE]: Timed out receiving message from renderer: 0.100
[1587582648.458][SEVERE]: Timed out receiving message from renderer: 0.100
[1587582648.560][SEVERE]: Timed out receiving message from renderer: 0.100
[1587582648.663][SEVERE]: Timed out receiving message from renderer: 0.100
[1587582648.791][SEVERE]: Timed out receiving message from renderer: 0.100
[1587582651.659][SEVERE]: Timed out receiving message from renderer: 0.100
[1587582663.100][SEVERE]: Timed out receiving message from renderer: 0.100
[1587582663.202][SEVERE]: Timed out receiving message from renderer: 0.100
[1587582663.476][SEVERE]: Timed out receiving message from renderer: 0.100
[1587582663.667][SEVERE]: Timed out receiving message from renderer: 0.100
[1587582663.771][SEVERE]: Timed out receiving message from renderer: 0.100
]]></system-err>
  </testcase>
</testsuite>